07-19 15:40:11 com_github_MitjaNemec_ReplicateLayout.action_replicate_layout 295:Plugin executed on: 'win32'
07-19 15:40:11 com_github_MitjaNemec_ReplicateLayout.action_replicate_layout 296:Plugin executed with python version: '3.9.10 (main, Feb 11 2022, 04:18:11) [MSC v.1928 64 bit (AMD64)]'
07-19 15:40:11 com_github_MitjaNemec_ReplicateLayout.action_replicate_layout 297:KiCad build version: (6.0.2)
07-19 15:40:11 com_github_MitjaNemec_ReplicateLayout.action_replicate_layout 298:Plugin version: 1.1.2
07-19 15:40:11 com_github_MitjaNemec_ReplicateLayout.action_replicate_layout 299:Frame repr: <wx._core.Frame object at 0x00000188A30F91F0>
07-19 15:40:11 com_github_MitjaNemec_ReplicateLayout.action_replicate_layout 323:Preparing replicator with Q4 as a reference
07-19 15:40:11 com_github_MitjaNemec_ReplicateLayout.replicate_layout 98:getting a list of all footprints on board
07-19 15:40:11 com_github_MitjaNemec_ReplicateLayout.replicate_layout 110:Footprint  does not have Sheetfile property, it will not be replicated. Most likely it is only in schematics
07-19 15:40:11 com_github_MitjaNemec_ReplicateLayout.replicate_layout 110:Footprint G*** does not have Sheetfile property, it will not be replicated. Most likely it is only in schematics
07-19 15:40:11 com_github_MitjaNemec_ReplicateLayout.replicate_layout 110:Footprint  does not have Sheetfile property, it will not be replicated. Most likely it is only in schematics
07-19 15:40:11 com_github_MitjaNemec_ReplicateLayout.replicate_layout 110:Footprint G*** does not have Sheetfile property, it will not be replicated. Most likely it is only in schematics
07-19 15:40:11 com_github_MitjaNemec_ReplicateLayout.replicate_layout 110:Footprint REF** does not have Sheetfile property, it will not be replicated. Most likely it is only in schematics
07-19 15:40:11 com_github_MitjaNemec_ReplicateLayout.replicate_layout 110:Footprint  does not have Sheetfile property, it will not be replicated. Most likely it is only in schematics
07-19 15:40:11 com_github_MitjaNemec_ReplicateLayout.replicate_layout 110:Footprint  does not have Sheetfile property, it will not be replicated. Most likely it is only in schematics
07-19 15:40:11 com_github_MitjaNemec_ReplicateLayout.replicate_layout 110:Footprint  does not have Sheetfile property, it will not be replicated. Most likely it is only in schematics
07-19 15:40:11 com_github_MitjaNemec_ReplicateLayout.replicate_layout 110:Footprint  does not have Sheetfile property, it will not be replicated. Most likely it is only in schematics
07-19 15:40:11 com_github_MitjaNemec_ReplicateLayout.replicate_layout 110:Footprint  does not have Sheetfile property, it will not be replicated. Most likely it is only in schematics
07-19 15:40:11 com_github_MitjaNemec_ReplicateLayout.replicate_layout 110:Footprint  does not have Sheetfile property, it will not be replicated. Most likely it is only in schematics
07-19 15:40:11 com_github_MitjaNemec_ReplicateLayout.replicate_layout 110:Footprint G*** does not have Sheetfile property, it will not be replicated. Most likely it is only in schematics
07-19 15:40:11 com_github_MitjaNemec_ReplicateLayout.replicate_layout 110:Footprint  does not have Sheetfile property, it will not be replicated. Most likely it is only in schematics
07-19 15:40:11 com_github_MitjaNemec_ReplicateLayout.replicate_layout 110:Footprint  does not have Sheetfile property, it will not be replicated. Most likely it is only in schematics
07-19 15:40:11 com_github_MitjaNemec_ReplicateLayout.replicate_layout 110:Footprint  does not have Sheetfile property, it will not be replicated. Most likely it is only in schematics
07-19 15:40:11 com_github_MitjaNemec_ReplicateLayout.replicate_layout 110:Footprint  does not have Sheetfile property, it will not be replicated. Most likely it is only in schematics
07-19 15:40:11 com_github_MitjaNemec_ReplicateLayout.replicate_layout 110:Footprint  does not have Sheetfile property, it will not be replicated. Most likely it is only in schematics
07-19 15:40:11 com_github_MitjaNemec_ReplicateLayout.replicate_layout 110:Footprint  does not have Sheetfile property, it will not be replicated. Most likely it is only in schematics
07-19 15:40:11 com_github_MitjaNemec_ReplicateLayout.replicate_layout 110:Footprint  does not have Sheetfile property, it will not be replicated. Most likely it is only in schematics
07-19 15:40:11 com_github_MitjaNemec_ReplicateLayout.replicate_layout 110:Footprint  does not have Sheetfile property, it will not be replicated. Most likely it is only in schematics
07-19 15:40:11 com_github_MitjaNemec_ReplicateLayout.replicate_layout 110:Footprint REF** does not have Sheetfile property, it will not be replicated. Most likely it is only in schematics
07-19 15:40:11 com_github_MitjaNemec_ReplicateLayout.replicate_layout 110:Footprint  does not have Sheetfile property, it will not be replicated. Most likely it is only in schematics
07-19 15:40:11 com_github_MitjaNemec_ReplicateLayout.replicate_layout 110:Footprint  does not have Sheetfile property, it will not be replicated. Most likely it is only in schematics
07-19 15:40:11 com_github_MitjaNemec_ReplicateLayout.replicate_layout 110:Footprint  does not have Sheetfile property, it will not be replicated. Most likely it is only in schematics
07-19 15:40:11 com_github_MitjaNemec_ReplicateLayout.replicate_layout 110:Footprint  does not have Sheetfile property, it will not be replicated. Most likely it is only in schematics
07-19 15:40:11 com_github_MitjaNemec_ReplicateLayout.replicate_layout 110:Footprint  does not have Sheetfile property, it will not be replicated. Most likely it is only in schematics
07-19 15:40:11 com_github_MitjaNemec_ReplicateLayout.replicate_layout 110:Footprint  does not have Sheetfile property, it will not be replicated. Most likely it is only in schematics
07-19 15:40:11 com_github_MitjaNemec_ReplicateLayout.action_replicate_layout 351:source anchor footprint is 'Q4'
Located on: []
With filenames: []
With sheet_id:[]
07-19 15:40:11 com_github_MitjaNemec_ReplicateLayout.action_replicate_layout 358:Corresponding footprints are 
[('Q4', [])]
07-19 15:40:11 com_github_MitjaNemec_ReplicateLayout.action_replicate_layout 370:Showing dialog
07-19 15:40:11 com_github_MitjaNemec_ReplicateLayout.action_replicate_layout 376:Toolbar position: wx.Point(1699, 125)
07-19 15:40:11 com_github_MitjaNemec_ReplicateLayout.action_replicate_layout 382:Dialog position: wx.Point(1335, 125)
